ATAK/app/build/outputs/mapping/civDebug/seeds.txt
com.atakmap.android.network.ui.CredentialsPreference
com.atakmap.android.network.ui.CredentialsPreference: CredentialsPreference(android.content.Context,android.util.AttributeSet,int)
com.atakmap.android.network.ui.CredentialsPreference: CredentialsPreference(android.content.Context,android.util.AttributeSet)
com.atakmap.android.routes.RoutePlannerView
com.atakmap.android.routes.RoutePlannerView: RoutePlannerView(android.content.Context,android.util.AttributeSet)
com.atakmap.android.routes.elevation.AnalysisPanelView
com.atakmap.android.routes.elevation.AnalysisPanelView: AnalysisPanelView(android.content.Context,android.util.AttributeSet)
com.atakmap.android.routes.elevation.RouteElevationView
com.atakmap.android.routes.elevation.RouteElevationView: RouteElevationView(android.content.Context,android.util.AttributeSet)
com.atakmap.android.routes.elevation.SeekerBarPanelView
com.atakmap.android.routes.elevation.SeekerBarPanelView: SeekerBarPanelView(android.content.Context,android.util.AttributeSet)
com.atakmap.android.tools.ActionBarView
com.atakmap.android.tools.ActionBarView: ActionBarView(android.content.Context,android.util.AttributeSet)
com.atakmap.android.track.ui.SeekBarPreference
com.atakmap.android.track.ui.SeekBarPreference: SeekBarPreference(android.content.Context,android.util.AttributeSet)
com.atakmap.android.track.ui.TrackDetailsView
com.atakmap.android.track.ui.TrackDetailsView: TrackDetailsView(android.content.Context,android.util.AttributeSet)
com.atakmap.android.track.ui.TrackListView
com.atakmap.android.track.ui.TrackListView: TrackListView(android.content.Context,android.util.AttributeSet)
com.atakmap.android.track.ui.TrackSearchView
com.atakmap.android.track.ui.TrackSearchView: TrackSearchView(android.content.Context,android.util.AttributeSet)
com.atakmap.android.track.ui.UserListView
com.atakmap.android.track.ui.UserListView: UserListView(android.content.Context,android.util.AttributeSet)
com.atakmap.android.update.AppMgmtActivity
com.atakmap.android.update.AppMgmtActivity: AppMgmtActivity()
com.atakmap.android.user.ExpandableGridView
com.atakmap.android.user.ExpandableGridView: ExpandableGridView(android.content.Context,android.util.AttributeSet)
com.atakmap.android.user.feedback.FeedbackGalleryItemLayout
com.atakmap.android.user.feedback.FeedbackGalleryItemLayout: FeedbackGalleryItemLayout(android.content.Context,android.util.AttributeSet)
com.atakmap.android.user.icon.Icon2525cPalletFragment
com.atakmap.android.user.icon.Icon2525cPalletFragment: Icon2525cPalletFragment()
com.atakmap.android.user.icon.MissionSpecificPalletFragment
com.atakmap.android.user.icon.MissionSpecificPalletFragment: MissionSpecificPalletFragment()
com.atakmap.android.user.icon.SpotMapPalletFragment
com.atakmap.android.user.icon.SpotMapPalletFragment: SpotMapPalletFragment()
com.atakmap.android.user.icon.SpotMapPointDetailsView
com.atakmap.android.user.icon.SpotMapPointDetailsView: SpotMapPointDetailsView(android.content.Context,android.util.AttributeSet)
com.atakmap.android.user.icon.UserIconPalletFragment
com.atakmap.android.user.icon.UserIconPalletFragment: UserIconPalletFragment()
com.atakmap.android.user.icon.VehiclePalletFragment
com.atakmap.android.user.icon.VehiclePalletFragment: VehiclePalletFragment()
com.atakmap.android.util.MyIpPreference
com.atakmap.android.util.MyIpPreference: MyIpPreference(android.content.Context)
com.atakmap.android.util.MyIpPreference: MyIpPreference(android.content.Context,android.util.AttributeSet)
com.atakmap.android.util.MyIpTextView
com.atakmap.android.util.MyIpTextView: MyIpTextView(android.content.Context,android.util.AttributeSet)
com.atakmap.android.vehicle.VehicleDetailsView
com.atakmap.android.vehicle.VehicleDetailsView: VehicleDetailsView(android.content.Context,android.util.AttributeSet)
com.atakmap.android.vehicle.model.ui.VehicleModelDetailsView
com.atakmap.android.vehicle.model.ui.VehicleModelDetailsView: VehicleModelDetailsView(android.content.Context,android.util.AttributeSet)